Arguments: 
  D:\Node.js\node.exe C:\Users\Boger\AppData\Roaming\npm\node_modules\yarn\bin\yarn.js install

PATH: 
  C:\Users\Boger\bin;D:\Git\mingw64\bin;D:\Git\usr\local\bin;D:\Git\usr\bin;D:\Git\usr\bin;D:\Git\mingw64\bin;D:\Git\usr\bin;C:\Users\Boger\bin;D:\ImageMagick-7.0.1-Q16;D:\智图;D;E:\智图;%;AVA_HOME%\bin;C:\WINDOWS\system32;C:\WINDOWS;C:\WINDOWS\system32\wbem;C:\WINDOWS\System32\Wbem;C:\WINDOWS\System32\WindowsPowerShell\v1.0;C:\WINDOWS\System32\OpenSSH;D:\Microsoft VS Code\bin;D:\TortoiseGit\bin;D:\Node.js;D:\phpStudy\PHPTutorial\php\php-7.0.12-nts;D:\composer;D:\Vagrant\bin;C:\Program Files (x86)\NVIDIA Corporation\PhysX\Common;D:\Git\cmd;C:\Users\Boger\AppData\Local\Microsoft\WindowsApps;C:\Users\Boger\AppData\Local\atom\bin;D:\Microsoft VS Code\bin;D:\Fiddler;C:\Users\Boger\AppData\Local\Microsoft\WindowsApps;C:\Users\Boger\AppData\Roaming\npm;C:\Users\Boger\AppData\Roaming\Composer\vendor\bin;D:\Git\usr\bin\vendor_perl;D:\Git\usr\bin\core_perl

Yarn version: 
  1.13.0

Node version: 
  10.15.0

Platform: 
  win32 x64

Trace: 
  Error: EPERM: operation not permitted, lstat 'E:\LiRiPeng\Web\Project\ammunition-depot\node_modules\@babel\core'

npm manifest: 
  {
    "name": "vue-press",
    "version": "1.0.0",
    "main": "index.js",
    "license": "MIT",
    "scripts": {
      "docs:dev": "vuepress dev docs",
      "docs:build": "vuepress build docs"
    },
    "devDependencies": {
      "vuepress": "^1.0.0-alpha.46",
      "yarn": "^1.15.2"
    },
    "dependencies": {
      "less": "^3.9.0",
      "less-loader": "^4.1.0"
    }
  }

yarn manifest: 
  No manifest

Lockfile: 
  No lockfile
